# JRE version: OpenJDK Runtime Environment (8.0) (build 1.8.0-adoptopenjdk-_2018_05_19_00_59-b00)
# Java VM: OpenJDK 64-Bit Server VM (25.71-b00 mixed mode windows-amd64 compressed oops)
Heap:
 PSYoungGen      total 272896K, used 103595K [0x000000076af00000, 0x000000077c400000, 0x00000007c0000000)
  eden space 262144K, 39% used [0x000000076af00000,0x000000077142ad60,0x000000077af00000)
  from space 10752K, 0% used [0x000000077af00000,0x000000077af00000,0x000000077b980000)
  to   space 10752K, 0% used [0x000000077b980000,0x000000077b980000,0x000000077c400000)
 ParOldGen       total 333824K, used 146596K [0x00000006c0c00000, 0x00000006d5200000, 0x000000076af00000)
  object space 333824K, 43% used [0x00000006c0c00000,0x00000006c9b29168,0x00000006d5200000)
 Metaspace       used 18176K, capacity 19290K, committed 19456K, reserved 1067008K
  class space    used 2166K, capacity 2445K, committed 2560K, reserved 1048576K
GC Heap History (10 events):
Event: 1.102 GC heap before
{Heap before GC invocations=3 (full 0):
 PSYoungGen      total 141824K, used 141797K [0x000000076af00000, 0x0000000774400000, 0x00000007c0000000)
  eden space 131072K, 100% used [0x000000076af00000,0x0000000772f00000,0x0000000772f00000)
  from space 10752K, 99% used [0x0000000773980000,0x00000007743f9650,0x0000000774400000)
  to   space 10752K, 0% used [0x0000000772f00000,0x0000000772f00000,0x0000000773980000)
 ParOldGen       total 175104K, used 51685K [0x00000006c0c00000, 0x00000006cb700000, 0x000000076af00000)
  object space 175104K, 29% used [0x00000006c0c00000,0x00000006c3e795f8,0x00000006cb700000)
 Metaspace       used 16920K, capacity 17972K, committed 18304K, reserved 1064960K
  class space    used 2054K, capacity 2342K, committed 2432K, reserved 1048576K
Event: 1.111 GC heap after
Heap after GC invocations=3 (full 0):
 PSYoungGen      total 141824K, used 2693K [0x000000076af00000, 0x000000077c400000, 0x00000007c0000000)
  eden space 131072K, 0% used [0x000000076af00000,0x000000076af00000,0x0000000772f00000)
  from space 10752K, 25% used [0x0000000772f00000,0x00000007731a1640,0x0000000773980000)
  to   space 10752K, 0% used [0x000000077b980000,0x000000077b980000,0x000000077c400000)
 ParOldGen       total 175104K, used 92653K [0x00000006c0c00000, 0x00000006cb700000, 0x000000076af00000)
  object space 175104K, 52% used [0x00000006c0c00000,0x00000006c667b638,0x00000006cb700000)
 Metaspace       used 16920K, capacity 17972K, committed 18304K, reserved 1064960K
  class space    used 2054K, capacity 2342K, committed 2432K, reserved 1048576K
}
Event: 1.787 GC heap before
{Heap before GC invocations=4 (full 0):
 PSYoungGen      total 141824K, used 133765K [0x000000076af00000, 0x000000077c400000, 0x00000007c0000000)
  eden space 131072K, 100% used [0x000000076af00000,0x0000000772f00000,0x0000000772f00000)
  from space 10752K, 25% used [0x0000000772f00000,0x00000007731a1640,0x0000000773980000)
  to   space 10752K, 0% used [0x000000077b980000,0x000000077b980000,0x000000077c400000)
 ParOldGen       total 175104K, used 98289K [0x00000006c0c00000, 0x00000006cb700000, 0x000000076af00000)
  object space 175104K, 56% used [0x00000006c0c00000,0x00000006c6bfc698,0x00000006cb700000)
 Metaspace       used 17340K, capacity 18390K, committed 18560K, reserved 1064960K
  class space    used 2080K, capacity 2347K, committed 2432K, reserved 1048576K
Event: 1.798 GC heap after
Heap after GC invocations=4 (full 0):
 PSYoungGen      total 272896K, used 10747K [0x000000076af00000, 0x000000077c400000, 0x00000007c0000000)
  eden space 262144K, 0% used [0x000000076af00000,0x000000076af00000,0x000000077af00000)
  from space 10752K, 99% used [0x000000077b980000,0x000000077c3fefa8,0x000000077c400000)
  to   space 10752K, 0% used [0x000000077af00000,0x000000077af00000,0x000000077b980000)
 ParOldGen       total 175104K, used 136511K [0x00000006c0c00000, 0x00000006cb700000, 0x000000076af00000)
  object space 175104K, 77% used [0x00000006c0c00000,0x00000006c914fc78,0x00000006cb700000)
 Metaspace       used 17340K, capacity 18390K, committed 18560K, reserved 1064960K
  class space    used 2080K, capacity 2347K, committed 2432K, reserved 1048576K
}
Event: 1.798 GC heap before
{Heap before GC invocations=5 (full 1):
 PSYoungGen      total 272896K, used 10747K [0x000000076af00000, 0x000000077c400000, 0x00000007c0000000)
  eden space 262144K, 0% used [0x000000076af00000,0x000000076af00000,0x000000077af00000)
  from space 10752K, 99% used [0x000000077b980000,0x000000077c3fefa8,0x000000077c400000)
  to   space 10752K, 0% used [0x000000077af00000,0x000000077af00000,0x000000077b980000)
 ParOldGen       total 175104K, used 136511K [0x00000006c0c00000, 0x00000006cb700000, 0x000000076af00000)
  object space 175104K, 77% used [0x00000006c0c00000,0x00000006c914fc78,0x00000006cb700000)
 Metaspace       used 17340K, capacity 18390K, committed 18560K, reserved 1064960K
  class space    used 2080K, capacity 2347K, committed 2432K, reserved 1048576K
Event: 1.821 GC heap after
Heap after GC invocations=5 (full 1):
 PSYoungGen      total 272896K, used 0K [0x000000076af00000, 0x000000077c400000, 0x00000007c0000000)
  eden space 262144K, 0% used [0x000000076af00000,0x000000076af00000,0x000000077af00000)
  from space 10752K, 0% used [0x000000077b980000,0x000000077b980000,0x000000077c400000)
  to   space 10752K, 0% used [0x000000077af00000,0x000000077af00000,0x000000077b980000)
 ParOldGen       total 230912K, used 94658K [0x00000006c0c00000, 0x00000006ced80000, 0x000000076af00000)
  object space 230912K, 40% used [0x00000006c0c00000,0x00000006c68708e8,0x00000006ced80000)
 Metaspace       used 17308K, capacity 18316K, committed 18560K, reserved 1064960K
  class space    used 2069K, capacity 2326K, committed 2432K, reserved 1048576K
}
Event: 2.933 GC heap before
{Heap before GC invocations=6 (full 1):
 PSYoungGen      total 272896K, used 262144K [0x000000076af00000, 0x000000077c400000, 0x00000007c0000000)
  eden space 262144K, 100% used [0x000000076af00000,0x000000077af00000,0x000000077af00000)
  from space 10752K, 0% used [0x000000077b980000,0x000000077b980000,0x000000077c400000)
  to   space 10752K, 0% used [0x000000077af00000,0x000000077af00000,0x000000077b980000)
 ParOldGen       total 230912K, used 124792K [0x00000006c0c00000, 0x00000006ced80000, 0x000000076af00000)
  object space 230912K, 54% used [0x00000006c0c00000,0x00000006c85de0b0,0x00000006ced80000)
 Metaspace       used 17882K, capacity 18978K, committed 19200K, reserved 1067008K
  class space    used 2152K, capacity 2437K, committed 2560K, reserved 1048576K
Event: 2.945 GC heap after
Heap after GC invocations=6 (full 1):
 PSYoungGen      total 272896K, used 10727K [0x000000076af00000, 0x000000077c400000, 0x00000007c0000000)
  eden space 262144K, 0% used [0x000000076af00000,0x000000076af00000,0x000000077af00000)
  from space 10752K, 99% used [0x000000077af00000,0x000000077b979e70,0x000000077b980000)
  to   space 10752K, 0% used [0x000000077b980000,0x000000077b980000,0x000000077c400000)
 ParOldGen       total 230912K, used 194928K [0x00000006c0c00000, 0x00000006ced80000, 0x000000076af00000)
  object space 230912K, 84% used [0x00000006c0c00000,0x00000006cca5c0b8,0x00000006ced80000)
 Metaspace       used 17882K, capacity 18978K, committed 19200K, reserved 1067008K
  class space    used 2152K, capacity 2437K, committed 2560K, reserved 1048576K
}
Event: 2.945 GC heap before
{Heap before GC invocations=7 (full 2):
 PSYoungGen      total 272896K, used 10727K [0x000000076af00000, 0x000000077c400000, 0x00000007c0000000)
  eden space 262144K, 0% used [0x000000076af00000,0x000000076af00000,0x000000077af00000)
  from space 10752K, 99% used [0x000000077af00000,0x000000077b979e70,0x000000077b980000)
  to   space 10752K, 0% used [0x000000077b980000,0x000000077b980000,0x000000077c400000)
 ParOldGen       total 230912K, used 194928K [0x00000006c0c00000, 0x00000006ced80000, 0x000000076af00000)
  object space 230912K, 84% used [0x00000006c0c00000,0x00000006cca5c0b8,0x00000006ced80000)
 Metaspace       used 17882K, capacity 18978K, committed 19200K, reserved 1067008K
  class space    used 2152K, capacity 2437K, committed 2560K, reserved 1048576K
Event: 2.965 GC heap after
Heap after GC invocations=7 (full 2):
 PSYoungGen      total 272896K, used 0K [0x000000076af00000, 0x000000077c400000, 0x00000007c0000000)
  eden space 262144K, 0% used [0x000000076af00000,0x000000076af00000,0x000000077af00000)
  from space 10752K, 0% used [0x000000077af00000,0x000000077af00000,0x000000077b980000)
  to   space 10752K, 0% used [0x000000077b980000,0x000000077b980000,0x000000077c400000)
 ParOldGen       total 333824K, used 146596K [0x00000006c0c00000, 0x00000006d5200000, 0x000000076af00000)
  object space 333824K, 43% used [0x00000006c0c00000,0x00000006c9b29168,0x00000006d5200000)
 Metaspace       used 17882K, capacity 18978K, committed 19200K, reserved 1067008K
  class space    used 2152K, capacity 2437K, committed 2560K, reserved 1048576K
}

